\BOOKMARK [1][-]{section.1}{Introduction}{}% 1
\BOOKMARK [1][-]{section.2}{Previous work}{}% 2
\BOOKMARK [2][-]{subsection.2.1}{Handwriting recognition}{section.2}% 3
\BOOKMARK [2][-]{subsection.2.2}{Handwriting}{section.2}% 4
\BOOKMARK [1][-]{section.3}{Technical details}{}% 5
\BOOKMARK [2][-]{subsection.3.1}{Handwriting recognition}{section.3}% 6
\BOOKMARK [2][-]{subsection.3.2}{Handwriting generation}{section.3}% 7
\BOOKMARK [1][-]{section.4}{Experiments}{}% 8
\BOOKMARK [1][-]{section.5}{Conclusions}{}% 9
\BOOKMARK [1][-]{section.6}{Submission of papers to NIPS 2015}{}% 10
\BOOKMARK [2][-]{subsection.6.1}{Style}{section.6}% 11
\BOOKMARK [2][-]{subsection.6.2}{Retrieval of style files}{section.6}% 12
\BOOKMARK [1][-]{section.7}{General formatting instructions}{}% 13
\BOOKMARK [1][-]{section.8}{Headings: first level}{}% 14
\BOOKMARK [2][-]{subsection.8.1}{Headings: second level}{section.8}% 15
\BOOKMARK [3][-]{subsubsection.8.1.1}{Headings: third level}{subsection.8.1}% 16
\BOOKMARK [1][-]{section.9}{Citations, figures, tables, references}{}% 17
\BOOKMARK [2][-]{subsection.9.1}{Citations within the text}{section.9}% 18
\BOOKMARK [2][-]{subsection.9.2}{Footnotes}{section.9}% 19
\BOOKMARK [2][-]{subsection.9.3}{Figures}{section.9}% 20
\BOOKMARK [2][-]{subsection.9.4}{Tables}{section.9}% 21
\BOOKMARK [1][-]{section.10}{Final instructions}{}% 22
\BOOKMARK [1][-]{section.11}{Preparing PostScript or PDF files}{}% 23
\BOOKMARK [2][-]{subsection.11.1}{Margins in LaTeX}{section.11}% 24
